<?xml version="1.0" encoding="UTF-8"?>
<!-- Generated by org.testng.reporters.JUnitXMLReporter -->
<testsuite hostname="LAPTOP-372CH622" ignored="0" name="Default test" tests="4" failures="0" timestamp="07 Aug 2018 01:45:34 GMT" time="3.628" errors="0">
  <testcase name="titleVerification" time="1.558" classname="com.cbt.tests.Smoke_test"/>
  <testcase name="logoVerification" time="0.058" classname="com.cbt.tests.Smoke_test"/>
  <testcase name="openFederalAccounts" time="0.125" classname="com.cbt.tests.Smoke_test"/>
  <testcase name="mainMenuDisplayed" time="0.031" classname="com.cbt.tests.Smoke_test"/>
</testsuite> <!-- Default test -->
