<?xml version="1.0" encoding="UTF-8"?>
<testng-results skipped="0" failed="0" ignored="0" total="4" passed="4">
  <reporter-output>
  </reporter-output>
  <suite name="Default suite" duration-ms="3628" started-at="2018-08-07T01:45:30Z" finished-at="2018-08-07T01:45:34Z">
    <groups>
    </groups>
    <test name="Default test" duration-ms="3628" started-at="2018-08-07T01:45:30Z" finished-at="2018-08-07T01:45:34Z">
      <class name="com.cbt.tests.Smoke_test">
        <test-method status="PASS" signature="setUpTest()[pri:0, instance:com.cbt.tests.Smoke_test@3381b4fc]" name="setUpTest" is-config="true" duration-ms="10" started-at="2018-08-07T01:45:30Z" finished-at="2018-08-07T01:45:30Z">
          <reporter-output>
          </reporter-output>
        </test-method> <!-- setUpTest -->
        <test-method status="PASS" signature="setUp()[pri:0, instance:com.cbt.tests.Smoke_test@3381b4fc]" name="setUp" is-config="true" duration-ms="1139" started-at="2018-08-07T01:45:30Z" finished-at="2018-08-07T01:45:31Z">
          <reporter-output>
          </reporter-output>
        </test-method> <!-- setUp -->
        <test-method status="PASS" signature="titleVerification()[pri:1, instance:com.cbt.tests.Smoke_test@3381b4fc]" name="titleVerification" duration-ms="1558" started-at="2018-08-07T01:45:31Z" description="Launching to the home page" finished-at="2018-08-07T01:45:33Z">
          <reporter-output>
          </reporter-output>
        </test-method> <!-- titleVerification -->
        <test-method status="PASS" signature="tearDown(org.testng.ITestResult)[pri:0, instance:com.cbt.tests.Smoke_test@3381b4fc]" name="tearDown" is-config="true" duration-ms="2" started-at="2018-08-07T01:45:33Z" finished-at="2018-08-07T01:45:33Z">
          <params>
            <param index="0">
              <value>
                <![CDATA[[TestResult name=titleVerification status=SUCCESS method=Smoke_test.titleVerification()[pri:1, instance:com.cbt.tests.Smoke_test@3381b4fc] output={null}]]]>
              </value>
            </param>
          </params>
          <reporter-output>
          </reporter-output>
        </test-method> <!-- tearDown -->
        <test-method status="PASS" signature="logoVerification()[pri:2, instance:com.cbt.tests.Smoke_test@3381b4fc]" name="logoVerification" duration-ms="58" started-at="2018-08-07T01:45:33Z" description="Verifing the logo" finished-at="2018-08-07T01:45:33Z">
          <reporter-output>
          </reporter-output>
        </test-method> <!-- logoVerification -->
        <test-method status="PASS" signature="tearDown(org.testng.ITestResult)[pri:0, instance:com.cbt.tests.Smoke_test@3381b4fc]" name="tearDown" is-config="true" duration-ms="2" started-at="2018-08-07T01:45:33Z" finished-at="2018-08-07T01:45:33Z">
          <params>
            <param index="0">
              <value>
                <![CDATA[[TestResult name=logoVerification status=SUCCESS method=Smoke_test.logoVerification()[pri:2, instance:com.cbt.tests.Smoke_test@3381b4fc] output={null}]]]>
              </value>
            </param>
          </params>
          <reporter-output>
          </reporter-output>
        </test-method> <!-- tearDown -->
        <test-method status="PASS" signature="openFederalAccounts()[pri:2, instance:com.cbt.tests.Smoke_test@3381b4fc]" name="openFederalAccounts" duration-ms="125" started-at="2018-08-07T01:45:33Z" description="Hover over the PROFILE functionality to reach Federal Accounts link" finished-at="2018-08-07T01:45:33Z">
          <reporter-output>
          </reporter-output>
        </test-method> <!-- openFederalAccounts -->
        <test-method status="PASS" signature="tearDown(org.testng.ITestResult)[pri:0, instance:com.cbt.tests.Smoke_test@3381b4fc]" name="tearDown" is-config="true" duration-ms="1" started-at="2018-08-07T01:45:33Z" finished-at="2018-08-07T01:45:33Z">
          <params>
            <param index="0">
              <value>
                <![CDATA[[TestResult name=openFederalAccounts status=SUCCESS method=Smoke_test.openFederalAccounts()[pri:2, instance:com.cbt.tests.Smoke_test@3381b4fc] output={null}]]]>
              </value>
            </param>
          </params>
          <reporter-output>
          </reporter-output>
        </test-method> <!-- tearDown -->
        <test-method status="PASS" signature="mainMenuDisplayed()[pri:3, instance:com.cbt.tests.Smoke_test@3381b4fc]" name="mainMenuDisplayed" duration-ms="31" started-at="2018-08-07T01:45:33Z" description="Verifing is the main menu displayed" finished-at="2018-08-07T01:45:33Z">
          <reporter-output>
          </reporter-output>
        </test-method> <!-- mainMenuDisplayed -->
        <test-method status="PASS" signature="tearDown(org.testng.ITestResult)[pri:0, instance:com.cbt.tests.Smoke_test@3381b4fc]" name="tearDown" is-config="true" duration-ms="0" started-at="2018-08-07T01:45:33Z" finished-at="2018-08-07T01:45:33Z">
          <params>
            <param index="0">
              <value>
                <![CDATA[[TestResult name=mainMenuDisplayed status=SUCCESS method=Smoke_test.mainMenuDisplayed()[pri:3, instance:com.cbt.tests.Smoke_test@3381b4fc] output={null}]]]>
              </value>
            </param>
          </params>
          <reporter-output>
          </reporter-output>
        </test-method> <!-- tearDown -->
        <test-method status="PASS" signature="setUpClose()[pri:0, instance:com.cbt.tests.Smoke_test@3381b4fc]" name="setUpClose" is-config="true" duration-ms="645" started-at="2018-08-07T01:45:33Z" finished-at="2018-08-07T01:45:34Z">
          <reporter-output>
          </reporter-output>
        </test-method> <!-- setUpClose -->
        <test-method status="PASS" signature="tearDownTest()[pri:0, instance:com.cbt.tests.Smoke_test@3381b4fc]" name="tearDownTest" is-config="true" duration-ms="0" started-at="2018-08-07T01:45:34Z" finished-at="2018-08-07T01:45:34Z">
          <reporter-output>
          </reporter-output>
        </test-method> <!-- tearDownTest -->
      </class> <!-- com.cbt.tests.Smoke_test -->
    </test> <!-- Default test -->
  </suite> <!-- Default suite -->
</testng-results>
