<?xml version="1.0" encoding="UTF-8"?>
<!-- Generated by org.testng.reporters.JUnitXMLReporter -->
<testsuite hostname="LAPTOP-372CH622" ignored="0" name="Smoke test" tests="3" failures="0" timestamp="07 Aug 2018 00:35:18 GMT" time="3.469" errors="0">
  <testcase name="titleVerification" time="1.485" classname="com.cbt.tests.SPA_261_TC"/>
  <testcase name="logoVerification" time="0.065" classname="com.cbt.tests.SPA_261_TC"/>
  <testcase name="mainMenuDisplayed" time="0.03" classname="com.cbt.tests.SPA_261_TC"/>
</testsuite> <!-- Smoke test -->
